INFO 2020-07-15 13:25:39,386 autoreload 3150 4561481152 Watching for file changes with StatReloader
INFO 2020-07-15 13:26:41,670 autoreload 3210 4594826688 Watching for file changes with StatReloader
INFO 2020-07-15 13:26:59,742 autoreload 3234 4576714176 Watching for file changes with StatReloader
INFO 2020-07-15 13:27:34,555 autoreload 3254 4546362816 Watching for file changes with StatReloader
INFO 2020-07-15 13:28:22,106 autoreload 3271 4424854976 Watching for file changes with StatReloader
INFO 2020-07-15 13:29:19,116 autoreload 3346 4485254592 Watching for file changes with StatReloader
INFO 2020-07-15 13:29:43,735 autoreload 3440 4603088320 Watching for file changes with StatReloader
INFO 2020-07-15 13:30:06,977 autoreload 3455 4581068224 Watching for file changes with StatReloader
INFO 2020-07-15 13:31:51,528 autoreload 3485 4519022016 Watching for file changes with StatReloader
INFO 2020-07-15 13:52:33,156 views 4610 4614561216 List View
INFO 2020-07-15 13:52:33,158 views 4610 4614561216 List View Latest
INFO 2020-07-15 13:52:33,168 views 4610 4614561216 comment view
INFO 2020-07-15 13:53:13,957 views 4652 4319505856 List View
INFO 2020-07-15 13:53:13,958 views 4652 4319505856 List View Latest
INFO 2020-07-15 13:53:13,963 views 4652 4319505856 comment view
INFO 2020-07-15 13:53:24,583 views 4658 4648263104 List View
INFO 2020-07-15 13:53:24,583 views 4658 4648263104 List View Latest
INFO 2020-07-15 13:53:24,588 views 4658 4648263104 comment view
INFO 2020-07-15 13:53:34,517 autoreload 4665 4726767040 Watching for file changes with StatReloader
INFO 2020-07-15 13:53:34,695 views 4665 4726767040 List View
INFO 2020-07-15 13:53:34,696 views 4665 4726767040 List View Latest
INFO 2020-07-15 13:53:34,700 views 4665 4726767040 comment view
INFO 2020-07-15 13:57:37,998 views 4887 4557528512 List View
INFO 2020-07-15 13:57:37,999 views 4887 4557528512 List View Latest
INFO 2020-07-15 13:57:38,004 views 4887 4557528512 comment view
INFO 2020-07-15 13:59:00,551 autoreload 4907 4428344768 Watching for file changes with StatReloader
INFO 2020-07-15 13:59:00,728 views 4907 4428344768 List View
INFO 2020-07-15 13:59:00,728 views 4907 4428344768 List View Latest
INFO 2020-07-15 13:59:00,732 views 4907 4428344768 comment view
INFO 2020-07-15 13:59:03,355 basehttp 4907 123145509957632 "GET /admin/ HTTP/1.1" 302 0
INFO 2020-07-15 13:59:03,435 basehttp 4907 123145509957632 "GET /admin/login/?next=/admin/ HTTP/1.1" 200 1913
INFO 2020-07-15 13:59:03,453 basehttp 4907 123145509957632 "GET /static/admin/css/base.css HTTP/1.1" 200 16378
INFO 2020-07-15 13:59:03,453 basehttp 4907 123145515212800 "GET /static/admin/css/login.css HTTP/1.1" 200 1233
INFO 2020-07-15 13:59:03,457 basehttp 4907 123145520467968 "GET /static/admin/css/responsive.css HTTP/1.1" 200 18052
INFO 2020-07-15 13:59:03,459 basehttp 4907 123145509957632 "GET /static/admin/css/fonts.css HTTP/1.1" 200 423
INFO 2020-07-15 13:59:03,567 basehttp 4907 123145509957632 "GET /static/admin/fonts/Roboto-Regular-webfont.woff HTTP/1.1" 200 85876
INFO 2020-07-15 13:59:03,568 basehttp 4907 123145520467968 "GET /static/admin/fonts/Roboto-Light-webfont.woff HTTP/1.1" 200 85692
WARNING 2020-07-15 13:59:03,797 basehttp 4907 123145525723136 "GET /apple-touch-icon-precomposed.png HTTP/1.1" 404 2368
WARNING 2020-07-15 13:59:03,817 basehttp 4907 123145525723136 "GET /apple-touch-icon.png HTTP/1.1" 404 2332
WARNING 2020-07-15 13:59:03,818 basehttp 4907 123145530978304 "GET /favicon.ico HTTP/1.1" 404 2305
ERROR 2020-07-15 13:59:11,744 log 4907 123145509957632 Internal Server Error: /admin/login/
Traceback (most recent call last):
  File "/Users/apple/Desktop/Blog/15_July_Blogflix/Blogflix/venv/lib/python3.7/site-packages/django/db/models/fields/__init__.py", line 1772, in get_prep_value
    return int(value)
ValueError: invalid literal for int() with base 10: 'anirudh'

The above exception was the direct cause of the following exception:

Traceback (most recent call last):
  File "/Users/apple/Desktop/Blog/15_July_Blogflix/Blogflix/venv/lib/python3.7/site-packages/django/core/handlers/exception.py", line 34, in inner
    response = get_response(request)
  File "/Users/apple/Desktop/Blog/15_July_Blogflix/Blogflix/venv/lib/python3.7/site-packages/django/core/handlers/base.py", line 115, in _get_response
    response = self.process_exception_by_middleware(e, request)
  File "/Users/apple/Desktop/Blog/15_July_Blogflix/Blogflix/venv/lib/python3.7/site-packages/django/core/handlers/base.py", line 113, in _get_response
    response = wrapped_callback(request, *callback_args, **callback_kwargs)
  File "/Users/apple/Desktop/Blog/15_July_Blogflix/Blogflix/venv/lib/python3.7/site-packages/django/views/decorators/cache.py", line 44, in _wrapped_view_func
    response = view_func(request, *args, **kwargs)
  File "/Users/apple/Desktop/Blog/15_July_Blogflix/Blogflix/venv/lib/python3.7/site-packages/django/contrib/admin/sites.py", line 407, in login
    return LoginView.as_view(**defaults)(request)
  File "/Users/apple/Desktop/Blog/15_July_Blogflix/Blogflix/venv/lib/python3.7/site-packages/django/views/generic/base.py", line 71, in view
    return self.dispatch(request, *args, **kwargs)
  File "/Users/apple/Desktop/Blog/15_July_Blogflix/Blogflix/venv/lib/python3.7/site-packages/django/utils/decorators.py", line 43, in _wrapper
    return bound_method(*args, **kwargs)
  File "/Users/apple/Desktop/Blog/15_July_Blogflix/Blogflix/venv/lib/python3.7/site-packages/django/views/decorators/debug.py", line 76, in sensitive_post_parameters_wrapper
    return view(request, *args, **kwargs)
  File "/Users/apple/Desktop/Blog/15_July_Blogflix/Blogflix/venv/lib/python3.7/site-packages/django/utils/decorators.py", line 43, in _wrapper
    return bound_method(*args, **kwargs)
  File "/Users/apple/Desktop/Blog/15_July_Blogflix/Blogflix/venv/lib/python3.7/site-packages/django/utils/decorators.py", line 130, in _wrapped_view
    response = view_func(request, *args, **kwargs)
  File "/Users/apple/Desktop/Blog/15_July_Blogflix/Blogflix/venv/lib/python3.7/site-packages/django/utils/decorators.py", line 43, in _wrapper
    return bound_method(*args, **kwargs)
  File "/Users/apple/Desktop/Blog/15_July_Blogflix/Blogflix/venv/lib/python3.7/site-packages/django/views/decorators/cache.py", line 44, in _wrapped_view_func
    response = view_func(request, *args, **kwargs)
  File "/Users/apple/Desktop/Blog/15_July_Blogflix/Blogflix/venv/lib/python3.7/site-packages/django/contrib/auth/views.py", line 63, in dispatch
    return super().dispatch(request, *args, **kwargs)
  File "/Users/apple/Desktop/Blog/15_July_Blogflix/Blogflix/venv/lib/python3.7/site-packages/django/views/generic/base.py", line 97, in dispatch
    return handler(request, *args, **kwargs)
  File "/Users/apple/Desktop/Blog/15_July_Blogflix/Blogflix/venv/lib/python3.7/site-packages/django/views/generic/edit.py", line 141, in post
    if form.is_valid():
  File "/Users/apple/Desktop/Blog/15_July_Blogflix/Blogflix/venv/lib/python3.7/site-packages/django/forms/forms.py", line 180, in is_valid
    return self.is_bound and not self.errors
  File "/Users/apple/Desktop/Blog/15_July_Blogflix/Blogflix/venv/lib/python3.7/site-packages/django/forms/forms.py", line 175, in errors
    self.full_clean()
  File "/Users/apple/Desktop/Blog/15_July_Blogflix/Blogflix/venv/lib/python3.7/site-packages/django/forms/forms.py", line 377, in full_clean
    self._clean_form()
  File "/Users/apple/Desktop/Blog/15_July_Blogflix/Blogflix/venv/lib/python3.7/site-packages/django/forms/forms.py", line 404, in _clean_form
    cleaned_data = self.clean()
  File "/Users/apple/Desktop/Blog/15_July_Blogflix/Blogflix/venv/lib/python3.7/site-packages/django/contrib/auth/forms.py", line 214, in clean
    self.user_cache = authenticate(self.request, username=username, password=password)
  File "/Users/apple/Desktop/Blog/15_July_Blogflix/Blogflix/venv/lib/python3.7/site-packages/django/contrib/auth/__init__.py", line 72, in authenticate
    user = backend.authenticate(request, **credentials)
  File "/Users/apple/Desktop/Blog/15_July_Blogflix/Blogflix/venv/lib/python3.7/site-packages/django/contrib/auth/backends.py", line 46, in authenticate
    user = UserModel._default_manager.get_by_natural_key(username)
  File "/Users/apple/Desktop/Blog/15_July_Blogflix/Blogflix/venv/lib/python3.7/site-packages/django/contrib/auth/base_user.py", line 44, in get_by_natural_key
    return self.get(**{self.model.USERNAME_FIELD: username})
  File "/Users/apple/Desktop/Blog/15_July_Blogflix/Blogflix/venv/lib/python3.7/site-packages/django/db/models/manager.py", line 82, in manager_method
    return getattr(self.get_queryset(), name)(*args, **kwargs)
  File "/Users/apple/Desktop/Blog/15_July_Blogflix/Blogflix/venv/lib/python3.7/site-packages/django/db/models/query.py", line 404, in get
    clone = self._chain() if self.query.combinator else self.filter(*args, **kwargs)
  File "/Users/apple/Desktop/Blog/15_July_Blogflix/Blogflix/venv/lib/python3.7/site-packages/django/db/models/query.py", line 904, in filter
    return self._filter_or_exclude(False, *args, **kwargs)
  File "/Users/apple/Desktop/Blog/15_July_Blogflix/Blogflix/venv/lib/python3.7/site-packages/django/db/models/query.py", line 923, in _filter_or_exclude
    clone.query.add_q(Q(*args, **kwargs))
  File "/Users/apple/Desktop/Blog/15_July_Blogflix/Blogflix/venv/lib/python3.7/site-packages/django/db/models/sql/query.py", line 1354, in add_q
    clause, _ = self._add_q(q_object, self.used_aliases)
  File "/Users/apple/Desktop/Blog/15_July_Blogflix/Blogflix/venv/lib/python3.7/site-packages/django/db/models/sql/query.py", line 1385, in _add_q
    check_filterable=check_filterable,
  File "/Users/apple/Desktop/Blog/15_July_Blogflix/Blogflix/venv/lib/python3.7/site-packages/django/db/models/sql/query.py", line 1315, in build_filter
    condition = self.build_lookup(lookups, col, value)
  File "/Users/apple/Desktop/Blog/15_July_Blogflix/Blogflix/venv/lib/python3.7/site-packages/django/db/models/sql/query.py", line 1169, in build_lookup
    lookup = lookup_class(lhs, rhs)
  File "/Users/apple/Desktop/Blog/15_July_Blogflix/Blogflix/venv/lib/python3.7/site-packages/django/db/models/lookups.py", line 22, in __init__
    self.rhs = self.get_prep_lookup()
  File "/Users/apple/Desktop/Blog/15_July_Blogflix/Blogflix/venv/lib/python3.7/site-packages/django/db/models/lookups.py", line 72, in get_prep_lookup
    return self.lhs.output_field.get_prep_value(self.rhs)
  File "/Users/apple/Desktop/Blog/15_July_Blogflix/Blogflix/venv/lib/python3.7/site-packages/django/db/models/fields/__init__.py", line 1776, in get_prep_value
    ) from e
ValueError: Field 'username' expected a number but got 'anirudh'.
ERROR 2020-07-15 13:59:11,752 basehttp 4907 123145509957632 "POST /admin/login/?next=/admin/ HTTP/1.1" 500 210827
INFO 2020-07-15 13:59:20,653 basehttp 4907 123145530978304 "GET /admin/login/?next=/admin/ HTTP/1.1" 200 1913
INFO 2020-07-15 13:59:22,544 basehttp 4907 123145530978304 "GET /admin/ HTTP/1.1" 302 0
INFO 2020-07-15 13:59:22,566 basehttp 4907 123145530978304 "GET /admin/login/?next=/admin/ HTTP/1.1" 200 1913
INFO 2020-07-15 13:59:22,868 basehttp 4907 123145509957632 "GET /admin/ HTTP/1.1" 302 0
INFO 2020-07-15 13:59:22,901 basehttp 4907 123145509957632 "GET /admin/login/?next=/admin/ HTTP/1.1" 200 1913
INFO 2020-07-15 13:59:27,538 basehttp 4907 123145509957632 "POST /admin/login/?next=/admin/ HTTP/1.1" 302 0
INFO 2020-07-15 13:59:27,582 basehttp 4907 123145509957632 "GET /admin/ HTTP/1.1" 200 11328
INFO 2020-07-15 13:59:27,597 basehttp 4907 123145509957632 "GET /static/admin/css/dashboard.css HTTP/1.1" 200 412
INFO 2020-07-15 13:59:27,651 basehttp 4907 123145509957632 "GET /static/admin/img/icon-addlink.svg HTTP/1.1" 200 331
INFO 2020-07-15 13:59:27,662 basehttp 4907 123145520467968 "GET /static/admin/img/icon-changelink.svg HTTP/1.1" 200 380
INFO 2020-07-15 13:59:27,668 basehttp 4907 123145515212800 "GET /static/admin/fonts/Roboto-Bold-webfont.woff HTTP/1.1" 200 86184
WARNING 2020-07-15 13:59:27,706 basehttp 4907 123145530978304 "GET /favicon.ico HTTP/1.1" 404 2305
INFO 2020-07-15 13:59:31,435 basehttp 4907 123145509957632 "GET /admin/authapp/user/ HTTP/1.1" 200 4315
INFO 2020-07-15 13:59:31,481 basehttp 4907 123145536233472 "GET /static/admin/js/jquery.init.js HTTP/1.1" 200 363
INFO 2020-07-15 13:59:31,481 basehttp 4907 123145546743808 "GET /static/admin/js/admin/RelatedObjectLookups.js HTTP/1.1" 200 6918
INFO 2020-07-15 13:59:31,483 basehttp 4907 123145520467968 "GET /admin/jsi18n/ HTTP/1.1" 200 3223
INFO 2020-07-15 13:59:31,488 basehttp 4907 123145541488640 "GET /static/admin/js/core.js HTTP/1.1" 200 5723
INFO 2020-07-15 13:59:31,490 basehttp 4907 123145509957632 "GET /static/admin/css/changelists.css HTTP/1.1" 200 6190
INFO 2020-07-15 13:59:31,500 basehttp 4907 123145509957632 "GET /static/admin/js/prepopulate.js HTTP/1.1" 200 1530
INFO 2020-07-15 13:59:31,504 basehttp 4907 123145520467968 "GET /static/admin/js/actions.js HTTP/1.1" 200 6766
INFO 2020-07-15 13:59:31,506 basehttp 4907 123145536233472 "GET /static/admin/js/urlify.js HTTP/1.1" 200 8941
INFO 2020-07-15 13:59:31,507 basehttp 4907 123145515212800 "GET /static/admin/js/vendor/jquery/jquery.js HTTP/1.1" 200 287630
INFO 2020-07-15 13:59:31,510 basehttp 4907 123145546743808 "GET /static/admin/js/vendor/xregexp/xregexp.js HTTP/1.1" 200 128820
INFO 2020-07-15 13:59:31,574 basehttp 4907 123145509957632 "GET /static/admin/img/tooltag-add.svg HTTP/1.1" 200 331
WARNING 2020-07-15 13:59:31,629 basehttp 4907 123145530978304 "GET /favicon.ico HTTP/1.1" 404 2305
INFO 2020-07-15 13:59:33,368 basehttp 4907 123145509957632 "GET /admin/ HTTP/1.1" 200 11328
WARNING 2020-07-15 13:59:33,398 basehttp 4907 123145509957632 "GET /favicon.ico HTTP/1.1" 404 2305
INFO 2020-07-15 14:00:16,876 autoreload 4907 4428344768 /Users/apple/Desktop/Blog/15_July_Blogflix/Blogflix/api/authapp/admin.py changed, reloading.
INFO 2020-07-15 14:00:18,432 autoreload 4975 4459220416 Watching for file changes with StatReloader
INFO 2020-07-15 14:00:42,334 autoreload 4975 4459220416 /Users/apple/Desktop/Blog/15_July_Blogflix/Blogflix/api/authapp/admin.py changed, reloading.
INFO 2020-07-15 14:00:43,963 autoreload 5001 4336786880 Watching for file changes with StatReloader
INFO 2020-07-15 14:00:44,260 views 5001 4336786880 List View
INFO 2020-07-15 14:00:44,261 views 5001 4336786880 List View Latest
INFO 2020-07-15 14:00:44,266 views 5001 4336786880 comment view
INFO 2020-07-15 14:00:44,873 basehttp 5001 123145351680000 "GET /admin/ HTTP/1.1" 200 11778
INFO 2020-07-15 14:00:47,113 basehttp 5001 123145351680000 "GET /admin/authapp/subscribe/ HTTP/1.1" 200 3196
INFO 2020-07-15 14:00:47,171 basehttp 5001 123145351680000 "GET /admin/jsi18n/ HTTP/1.1" 200 3223
WARNING 2020-07-15 14:00:47,274 basehttp 5001 123145356935168 "GET /favicon.ico HTTP/1.1" 404 2305
INFO 2020-07-15 14:00:48,695 basehttp 5001 123145351680000 "GET /admin/authapp/subscribe/add/ HTTP/1.1" 200 4480
INFO 2020-07-15 14:00:48,724 basehttp 5001 123145351680000 "GET /static/admin/css/forms.css HTTP/1.1" 200 8518
INFO 2020-07-15 14:00:48,740 basehttp 5001 123145372700672 "GET /static/admin/js/prepopulate_init.js HTTP/1.1" 200 495
INFO 2020-07-15 14:00:48,743 basehttp 5001 123145367445504 "GET /static/admin/js/change_form.js HTTP/1.1" 200 712
INFO 2020-07-15 14:00:48,743 basehttp 5001 123145351680000 "GET /static/admin/css/widgets.css HTTP/1.1" 200 10322
INFO 2020-07-15 14:00:48,747 basehttp 5001 123145362190336 "GET /admin/jsi18n/ HTTP/1.1" 200 3223
WARNING 2020-07-15 14:00:48,823 basehttp 5001 123145356935168 "GET /favicon.ico HTTP/1.1" 404 2305
INFO 2020-07-15 14:01:08,133 basehttp 5001 123145351680000 "POST /admin/authapp/subscribe/add/ HTTP/1.1" 302 0
INFO 2020-07-15 14:01:08,184 basehttp 5001 123145351680000 "GET /admin/authapp/subscribe/ HTTP/1.1" 200 4586
INFO 2020-07-15 14:01:08,211 basehttp 5001 123145351680000 "GET /admin/jsi18n/ HTTP/1.1" 200 3223
INFO 2020-07-15 14:01:08,244 basehttp 5001 123145351680000 "GET /static/admin/img/icon-yes.svg HTTP/1.1" 200 436
INFO 2020-07-15 14:01:32,924 basehttp 5001 123145351680000 "GET /admin/ HTTP/1.1" 200 12116
INFO 2020-07-15 14:02:06,861 basehttp 5001 123145351680000 "GET /admin/authapp/subscribe/ HTTP/1.1" 200 4381
INFO 2020-07-15 14:02:06,902 basehttp 5001 123145351680000 "GET /admin/jsi18n/ HTTP/1.1" 200 3223
INFO 2020-07-15 14:02:08,989 basehttp 5001 123145351680000 "GET /admin/ HTTP/1.1" 200 12116
INFO 2020-07-15 14:02:11,267 basehttp 5001 123145351680000 "GET /admin/blog/post/ HTTP/1.1" 200 3149
INFO 2020-07-15 14:02:11,297 basehttp 5001 123145351680000 "GET /admin/jsi18n/ HTTP/1.1" 200 3223
WARNING 2020-07-15 14:02:11,350 basehttp 5001 123145356935168 "GET /favicon.ico HTTP/1.1" 404 2305
INFO 2020-07-15 14:02:12,599 basehttp 5001 123145351680000 "GET /admin/blog/post/add/ HTTP/1.1" 200 7036
INFO 2020-07-15 14:02:12,635 basehttp 5001 123145351680000 "GET /admin/jsi18n/ HTTP/1.1" 200 3223
WARNING 2020-07-15 14:02:12,706 basehttp 5001 123145356935168 "GET /favicon.ico HTTP/1.1" 404 2305
INFO 2020-07-15 14:02:26,558 basehttp 5001 123145351680000 "POST /admin/blog/post/add/ HTTP/1.1" 302 0
INFO 2020-07-15 14:02:26,611 basehttp 5001 123145351680000 "GET /admin/blog/post/ HTTP/1.1" 200 4484
INFO 2020-07-15 14:02:26,639 basehttp 5001 123145351680000 "GET /admin/jsi18n/ HTTP/1.1" 200 3223
INFO 2020-07-15 14:02:29,061 basehttp 5001 123145351680000 "GET /admin/blog/post/hello/change/ HTTP/1.1" 200 7540
INFO 2020-07-15 14:02:29,095 basehttp 5001 123145351680000 "GET /admin/jsi18n/ HTTP/1.1" 200 3223
WARNING 2020-07-15 14:02:29,154 basehttp 5001 123145356935168 "GET /favicon.ico HTTP/1.1" 404 2305
WARNING 2020-07-15 14:02:31,486 basehttp 5001 123145351680000 "GET /media/images/thumbnail.jpg HTTP/1.1" 404 1837
WARNING 2020-07-15 14:02:31,561 basehttp 5001 123145356935168 "GET /favicon.ico HTTP/1.1" 404 2305
INFO 2020-07-15 14:04:05,421 views 5055 4495404480 List View
INFO 2020-07-15 14:04:05,422 views 5055 4495404480 List View Latest
INFO 2020-07-15 14:04:05,430 views 5055 4495404480 comment view
INFO 2020-07-15 14:10:38,543 autoreload 5001 4336786880 /Users/apple/Desktop/Blog/15_July_Blogflix/Blogflix/venv/lib/python3.7/site-packages/billiard/process.py changed, reloading.
INFO 2020-07-15 14:10:48,067 views 5251 4478299584 List View
INFO 2020-07-15 14:10:48,068 views 5251 4478299584 List View Latest
INFO 2020-07-15 14:10:48,073 views 5251 4478299584 comment view
INFO 2020-07-15 14:11:23,460 views 5261 4623424960 List View
INFO 2020-07-15 14:11:23,461 views 5261 4623424960 List View Latest
INFO 2020-07-15 14:11:23,468 views 5261 4623424960 comment view
INFO 2020-07-15 14:12:26,697 views 5292 4483050944 List View
INFO 2020-07-15 14:12:26,697 views 5292 4483050944 List View Latest
INFO 2020-07-15 14:12:26,703 views 5292 4483050944 comment view
INFO 2020-07-15 14:12:36,550 autoreload 5304 4575399360 Watching for file changes with StatReloader
INFO 2020-07-15 14:12:36,799 views 5304 4575399360 List View
INFO 2020-07-15 14:12:36,799 views 5304 4575399360 List View Latest
INFO 2020-07-15 14:12:36,810 views 5304 4575399360 comment view
INFO 2020-07-15 14:13:06,741 autoreload 5315 4532538816 Watching for file changes with StatReloader
INFO 2020-07-15 14:13:06,911 views 5315 4532538816 List View
INFO 2020-07-15 14:13:06,912 views 5315 4532538816 List View Latest
INFO 2020-07-15 14:13:06,917 views 5315 4532538816 comment view
INFO 2020-07-15 14:13:07,928 views 5318 4396019136 List View
INFO 2020-07-15 14:13:07,929 views 5318 4396019136 List View Latest
INFO 2020-07-15 14:13:07,932 views 5318 4396019136 comment view
INFO 2020-07-15 14:13:11,933 views 5327 4709342656 List View
INFO 2020-07-15 14:13:11,933 views 5327 4709342656 List View Latest
INFO 2020-07-15 14:13:11,936 views 5327 4709342656 comment view
INFO 2020-07-15 14:21:51,078 views 5509 4756950464 List View
INFO 2020-07-15 14:21:51,079 views 5509 4756950464 List View Latest
INFO 2020-07-15 14:21:51,083 views 5509 4756950464 comment view
INFO 2020-07-15 14:23:07,832 autoreload 5315 4532538816 /Users/apple/Desktop/Blog/15_July_Blogflix/Blogflix/api/api/settings.py changed, reloading.
INFO 2020-07-15 14:23:09,348 autoreload 5545 4638051776 Watching for file changes with StatReloader
INFO 2020-07-15 14:23:09,551 views 5545 123145513623552 List View
INFO 2020-07-15 14:23:09,552 views 5545 123145513623552 List View Latest
INFO 2020-07-15 14:23:09,561 views 5545 123145513623552 comment view
INFO 2020-07-15 14:23:19,123 views 5557 4542135744 List View
INFO 2020-07-15 14:23:19,124 views 5557 4542135744 List View Latest
INFO 2020-07-15 14:23:19,127 views 5557 4542135744 comment view
INFO 2020-07-15 14:23:25,368 views 5564 4364742080 List View
INFO 2020-07-15 14:23:25,372 views 5564 4364742080 List View Latest
INFO 2020-07-15 14:23:25,379 views 5564 4364742080 comment view
INFO 2020-07-15 14:23:42,550 views 5585 4692368832 List View
INFO 2020-07-15 14:23:42,550 views 5585 4692368832 List View Latest
INFO 2020-07-15 14:23:42,555 views 5585 4692368832 comment view
INFO 2020-07-15 14:23:46,440 autoreload 5591 4551343552 Watching for file changes with StatReloader
INFO 2020-07-15 14:23:46,556 views 5591 4551343552 List View
INFO 2020-07-15 14:23:46,556 views 5591 4551343552 List View Latest
INFO 2020-07-15 14:23:46,560 views 5591 4551343552 comment view
INFO 2020-07-15 14:23:53,432 views 5595 4543995328 List View
INFO 2020-07-15 14:23:53,432 views 5595 4543995328 List View Latest
INFO 2020-07-15 14:23:53,436 views 5595 4543995328 comment view
INFO 2020-07-15 14:24:37,499 autoreload 5591 4551343552 /Users/apple/Desktop/Blog/15_July_Blogflix/Blogflix/api/api/settings.py changed, reloading.
INFO 2020-07-15 14:24:38,433 autoreload 5627 4653759936 Watching for file changes with StatReloader
INFO 2020-07-15 14:24:38,562 views 5627 4653759936 List View
INFO 2020-07-15 14:24:38,562 views 5627 4653759936 List View Latest
INFO 2020-07-15 14:24:38,567 views 5627 4653759936 comment view
INFO 2020-07-15 14:24:51,852 autoreload 5642 4365479360 Watching for file changes with StatReloader
INFO 2020-07-15 14:24:51,991 views 5642 4365479360 List View
INFO 2020-07-15 14:24:51,992 views 5642 4365479360 List View Latest
INFO 2020-07-15 14:24:51,998 views 5642 4365479360 comment view
INFO 2020-07-15 14:24:54,146 views 5646 4617752000 List View
INFO 2020-07-15 14:24:54,146 views 5646 4617752000 List View Latest
INFO 2020-07-15 14:24:54,150 views 5646 4617752000 comment view
INFO 2020-07-15 14:25:01,644 autoreload 5658 4677692864 Watching for file changes with StatReloader
INFO 2020-07-15 14:25:01,751 views 5658 4677692864 List View
INFO 2020-07-15 14:25:01,751 views 5658 4677692864 List View Latest
INFO 2020-07-15 14:25:01,755 views 5658 4677692864 comment view
INFO 2020-07-15 14:25:06,292 views 5663 4728540608 List View
INFO 2020-07-15 14:25:06,293 views 5663 4728540608 List View Latest
INFO 2020-07-15 14:25:06,296 views 5663 4728540608 comment view
INFO 2020-07-15 14:25:14,069 views 5672 4561681856 List View
INFO 2020-07-15 14:25:14,069 views 5672 4561681856 List View Latest
INFO 2020-07-15 14:25:14,072 views 5672 4561681856 comment view
INFO 2020-07-15 14:27:25,193 views 5710 4584295872 List View
INFO 2020-07-15 14:27:25,194 views 5710 4584295872 List View Latest
INFO 2020-07-15 14:27:25,199 views 5710 4584295872 comment view
INFO 2020-07-15 14:29:43,537 autoreload 5905 4572761536 Watching for file changes with StatReloader
INFO 2020-07-15 14:29:43,714 views 5905 4572761536 List View
INFO 2020-07-15 14:29:43,714 views 5905 4572761536 List View Latest
INFO 2020-07-15 14:29:43,720 views 5905 4572761536 comment view
INFO 2020-07-15 14:29:49,479 views 5910 4479471040 List View
INFO 2020-07-15 14:29:49,480 views 5910 4479471040 List View Latest
INFO 2020-07-15 14:29:49,485 views 5910 4479471040 comment view
INFO 2020-07-15 14:30:25,857 views 5918 4564872640 List View
INFO 2020-07-15 14:30:25,858 views 5918 4564872640 List View Latest
INFO 2020-07-15 14:30:25,863 views 5918 4564872640 comment view
INFO 2020-07-15 14:33:15,278 views 6057 4376903104 List View
INFO 2020-07-15 14:33:15,279 views 6057 4376903104 List View Latest
INFO 2020-07-15 14:33:15,285 views 6057 4376903104 comment view
INFO 2020-07-15 14:33:21,160 autoreload 6069 4715113920 Watching for file changes with StatReloader
INFO 2020-07-15 14:33:21,290 views 6069 4715113920 List View
INFO 2020-07-15 14:33:21,290 views 6069 4715113920 List View Latest
INFO 2020-07-15 14:33:21,294 views 6069 4715113920 comment view
INFO 2020-07-15 14:33:26,270 views 6074 4702793152 List View
INFO 2020-07-15 14:33:26,271 views 6074 4702793152 List View Latest
INFO 2020-07-15 14:33:26,275 views 6074 4702793152 comment view
INFO 2020-07-15 14:33:28,150 views 6077 4651830720 List View
INFO 2020-07-15 14:33:28,150 views 6077 4651830720 List View Latest
INFO 2020-07-15 14:33:28,153 views 6077 4651830720 comment view
INFO 2020-07-15 14:35:29,481 autoreload 6069 4715113920 /Users/apple/Desktop/Blog/15_July_Blogflix/Blogflix/api/blog/tasks.py changed, reloading.
INFO 2020-07-15 14:35:30,864 autoreload 6129 4352810432 Watching for file changes with StatReloader
INFO 2020-07-15 14:35:31,071 views 6129 4352810432 List View
INFO 2020-07-15 14:35:31,071 views 6129 4352810432 List View Latest
INFO 2020-07-15 14:35:31,077 views 6129 4352810432 comment view
INFO 2020-07-15 14:35:34,602 autoreload 6136 4544712128 Watching for file changes with StatReloader
INFO 2020-07-15 14:35:34,714 views 6136 4544712128 List View
INFO 2020-07-15 14:35:34,715 views 6136 4544712128 List View Latest
INFO 2020-07-15 14:35:34,719 views 6136 4544712128 comment view
INFO 2020-07-15 14:35:43,446 views 6140 4563627456 List View
INFO 2020-07-15 14:35:43,448 views 6140 4563627456 List View Latest
INFO 2020-07-15 14:35:43,451 views 6140 4563627456 comment view
INFO 2020-07-15 14:35:47,902 views 6143 4412161472 List View
INFO 2020-07-15 14:35:47,903 views 6143 4412161472 List View Latest
INFO 2020-07-15 14:35:47,906 views 6143 4412161472 comment view
INFO 2020-07-15 14:37:09,829 autoreload 6167 4671495616 Watching for file changes with StatReloader
INFO 2020-07-15 14:37:10,032 views 6167 4671495616 List View
INFO 2020-07-15 14:37:10,032 views 6167 4671495616 List View Latest
INFO 2020-07-15 14:37:10,039 views 6167 4671495616 comment view
INFO 2020-07-15 14:37:11,069 views 6170 4372733376 List View
INFO 2020-07-15 14:37:11,070 views 6170 4372733376 List View Latest
INFO 2020-07-15 14:37:11,074 views 6170 4372733376 comment view
INFO 2020-07-15 14:37:15,278 views 6180 4733287872 List View
INFO 2020-07-15 14:37:15,278 views 6180 4733287872 List View Latest
INFO 2020-07-15 14:37:15,282 views 6180 4733287872 comment view
